[2020-12-21 13:25:25,662] I Kiwoom.py | Kiwoom-__init__-0020 I DEBUG    > Kiwoom() class start.
[2020-12-21 13:25:42,969] I Kiwoom.py | Kiwoom-login_slot-0119 I DEBUG    > 정상처리
[2020-12-21 13:25:42,970] I Kiwoom.py | Kiwoom-get_account_info-0130 I DEBUG    > 계좌번호 : 8153431711
[2020-12-21 13:25:43,858] I Kiwoom.py | Kiwoom-msg_slot-0802 I DEBUG    > 스크린: 2000, 요청이름: 예수금상세현황요청, tr코드: opw00001 --- [00Z310] 모의투자 조회가 완료되었습니다
[2020-12-21 13:25:43,860] I Kiwoom.py | Kiwoom-trdata_slot-0175 I DEBUG    > 예수금 : 5000000
[2020-12-21 13:25:48,139] I Kiwoom.py | Kiwoom-msg_slot-0802 I DEBUG    > 스크린: 2000, 요청이름: 계좌평가잔고내역요청, tr코드: opw00018 --- [00Z310] 모의투자 조회가 완료되었습니다
[2020-12-21 13:25:48,140] I Kiwoom.py | Kiwoom-trdata_slot-0190 I DEBUG    > 계좌평가잔고내역요청 싱글데이터 : 000000000000000 - 000000000000000 - 000000000.00
[2020-12-21 13:25:48,140] I Kiwoom.py | Kiwoom-trdata_slot-0230 I DEBUG    > sPreNext : 
[2020-12-21 13:25:53,172] I Kiwoom.py | Kiwoom-msg_slot-0802 I DEBUG    > 스크린: , 요청이름: , tr코드:  ---  조회가 완료되었습니다.
[2020-12-21 13:26:08,893] I Kiwoom.py | Kiwoom-realdata_slot-0644 I DEBUG    > 매수조건 통과 089010 
[2020-12-21 13:26:08,896] I Kiwoom.py | Kiwoom-realdata_slot-0655 I DEBUG    > 매수주문 전달 성공
[2020-12-21 13:26:09,043] I Kiwoom.py | Kiwoom-msg_slot-0802 I DEBUG    > 스크린: 6001, 요청이름: 신규매수, tr코드: KOA_NORMAL_BUY_KQ_ORD --- [00Z112] 모의투자 정상처리 되었습니다
[2020-12-21 13:28:18,679] I Kiwoom.py | Kiwoom-__init__-0020 I DEBUG    > Kiwoom() class start.
[2020-12-21 13:28:23,740] I Kiwoom.py | Kiwoom-login_slot-0119 I DEBUG    > 정상처리
[2020-12-21 13:28:23,740] I Kiwoom.py | Kiwoom-get_account_info-0130 I DEBUG    > 계좌번호 : 8153431711
[2020-12-21 13:28:24,500] I Kiwoom.py | Kiwoom-msg_slot-0802 I DEBUG    > 스크린: 2000, 요청이름: 예수금상세현황요청, tr코드: opw00001 --- [00Z310] 모의투자 조회가 완료되었습니다
[2020-12-21 13:28:24,502] I Kiwoom.py | Kiwoom-trdata_slot-0175 I DEBUG    > 예수금 : 4981400
[2020-12-21 13:28:26,899] I Kiwoom.py | Kiwoom-msg_slot-0802 I DEBUG    > 스크린: 2000, 요청이름: 계좌평가잔고내역요청, tr코드: opw00018 --- [00Z310] 모의투자 조회가 완료되었습니다
[2020-12-21 13:28:26,900] I Kiwoom.py | Kiwoom-trdata_slot-0190 I DEBUG    > 계좌평가잔고내역요청 싱글데이터 : 000000000046500 - -00000000000536 - -00000001.15
[2020-12-21 13:28:26,901] I Kiwoom.py | Kiwoom-trdata_slot-0207 I DEBUG    > 종목코드: 089010 - 종목명: 켐트로닉스                               - 보유수량: 000000000000002 - 매입가:000000000023250 - 수익률: -00000001.15 - 현재가: 000000023200
[2020-12-21 13:28:26,901] I Kiwoom.py | Kiwoom-trdata_slot-0230 I DEBUG    > sPreNext : 
[2020-12-21 13:28:31,931] I Kiwoom.py | Kiwoom-msg_slot-0802 I DEBUG    > 스크린: , 요청이름: , tr코드:  ---  조회가 완료되었습니다.
