[2020-12-19 21:20:42,350] I Kiwoom.py | Kiwoom-__init__-0020 I DEBUG    > Kiwoom() class start.
[2020-12-19 21:21:53,269] I Kiwoom.py | Kiwoom-__init__-0020 I DEBUG    > Kiwoom() class start.
[2020-12-19 21:22:23,376] I Kiwoom.py | Kiwoom-login_slot-0119 I DEBUG    > 정상처리
[2020-12-19 21:22:23,377] I Kiwoom.py | Kiwoom-get_account_info-0130 I DEBUG    > 계좌번호 : 8153431711
[2020-12-19 21:32:13,965] I Kiwoom.py | Kiwoom-__init__-0020 I DEBUG    > Kiwoom() class start.
[2020-12-19 21:32:50,140] I Kiwoom.py | Kiwoom-login_slot-0119 I DEBUG    > 정상처리
[2020-12-19 21:32:50,141] I Kiwoom.py | Kiwoom-get_account_info-0130 I DEBUG    > 계좌번호 : 8153431711
[2020-12-19 21:32:50,178] I Kiwoom.py | Kiwoom-msg_slot-0802 I DEBUG    > 스크린: 2000, 요청이름: 예수금상세현황요청, tr코드: opw00001 --- [00Z310] 모의투자 조회가 완료되었습니다
[2020-12-19 21:32:50,179] I Kiwoom.py | Kiwoom-trdata_slot-0175 I DEBUG    > 예수금 : 5000000
[2020-12-19 21:32:50,269] I Kiwoom.py | Kiwoom-msg_slot-0802 I DEBUG    > 스크린: 2000, 요청이름: 계좌평가잔고내역요청, tr코드: opw00018 --- [00Z310] 모의투자 조회가 완료되었습니다
[2020-12-19 21:32:50,270] I Kiwoom.py | Kiwoom-trdata_slot-0190 I DEBUG    > 계좌평가잔고내역요청 싱글데이터 : 000000000000000 - 000000000000000 - 000000000.00
[2020-12-19 21:32:50,271] I Kiwoom.py | Kiwoom-trdata_slot-0230 I DEBUG    > sPreNext : 
[2020-12-19 21:32:55,294] I Kiwoom.py | Kiwoom-msg_slot-0802 I DEBUG    > 스크린: , 요청이름: , tr코드:  ---  조회가 완료되었습니다.
[2020-12-19 21:33:15,564] I Kiwoom.py | Kiwoom-__init__-0020 I DEBUG    > Kiwoom() class start.
[2020-12-19 21:33:20,249] I Kiwoom.py | Kiwoom-login_slot-0119 I DEBUG    > 정상처리
[2020-12-19 21:33:20,250] I Kiwoom.py | Kiwoom-get_account_info-0130 I DEBUG    > 계좌번호 : 8153431711
[2020-12-19 21:33:20,282] I Kiwoom.py | Kiwoom-msg_slot-0802 I DEBUG    > 스크린: 2000, 요청이름: 예수금상세현황요청, tr코드: opw00001 --- [00Z310] 모의투자 조회가 완료되었습니다
[2020-12-19 21:33:20,284] I Kiwoom.py | Kiwoom-trdata_slot-0175 I DEBUG    > 예수금 : 5000000
[2020-12-19 21:33:20,373] I Kiwoom.py | Kiwoom-msg_slot-0802 I DEBUG    > 스크린: 2000, 요청이름: 계좌평가잔고내역요청, tr코드: opw00018 --- [00Z310] 모의투자 조회가 완료되었습니다
[2020-12-19 21:33:20,375] I Kiwoom.py | Kiwoom-trdata_slot-0190 I DEBUG    > 계좌평가잔고내역요청 싱글데이터 : 000000000000000 - 000000000000000 - 000000000.00
[2020-12-19 21:33:20,375] I Kiwoom.py | Kiwoom-trdata_slot-0230 I DEBUG    > sPreNext : 
[2020-12-19 21:33:25,399] I Kiwoom.py | Kiwoom-msg_slot-0802 I DEBUG    > 스크린: , 요청이름: , tr코드:  ---  조회가 완료되었습니다.
[2020-12-19 21:33:31,080] I Kiwoom.py | Kiwoom-__init__-0020 I DEBUG    > Kiwoom() class start.
[2020-12-19 21:33:35,681] I Kiwoom.py | Kiwoom-login_slot-0119 I DEBUG    > 정상처리
[2020-12-19 21:33:35,682] I Kiwoom.py | Kiwoom-get_account_info-0130 I DEBUG    > 계좌번호 : 8153431711
[2020-12-19 21:33:35,719] I Kiwoom.py | Kiwoom-msg_slot-0802 I DEBUG    > 스크린: 2000, 요청이름: 예수금상세현황요청, tr코드: opw00001 --- [00Z310] 모의투자 조회가 완료되었습니다
[2020-12-19 21:33:35,721] I Kiwoom.py | Kiwoom-trdata_slot-0175 I DEBUG    > 예수금 : 5000000
[2020-12-19 21:33:35,809] I Kiwoom.py | Kiwoom-msg_slot-0802 I DEBUG    > 스크린: 2000, 요청이름: 계좌평가잔고내역요청, tr코드: opw00018 --- [00Z310] 모의투자 조회가 완료되었습니다
[2020-12-19 21:33:35,811] I Kiwoom.py | Kiwoom-trdata_slot-0190 I DEBUG    > 계좌평가잔고내역요청 싱글데이터 : 000000000000000 - 000000000000000 - 000000000.00
[2020-12-19 21:33:35,812] I Kiwoom.py | Kiwoom-trdata_slot-0230 I DEBUG    > sPreNext : 
[2020-12-19 21:33:40,839] I Kiwoom.py | Kiwoom-msg_slot-0802 I DEBUG    > 스크린: , 요청이름: , tr코드:  ---  조회가 완료되었습니다.
[2020-12-19 21:34:15,705] I Kiwoom.py | Kiwoom-__init__-0020 I DEBUG    > Kiwoom() class start.
[2020-12-19 21:34:30,364] I Kiwoom.py | Kiwoom-login_slot-0119 I DEBUG    > 정상처리
[2020-12-19 21:34:30,364] I Kiwoom.py | Kiwoom-get_account_info-0130 I DEBUG    > 계좌번호 : 8153431711
[2020-12-19 21:36:10,601] I Kiwoom.py | Kiwoom-__init__-0020 I DEBUG    > Kiwoom() class start.
[2020-12-19 21:36:21,519] I Kiwoom.py | Kiwoom-login_slot-0119 I DEBUG    > 정상처리
[2020-12-19 21:36:21,520] I Kiwoom.py | Kiwoom-get_account_info-0130 I DEBUG    > 계좌번호 : 8153431711
[2020-12-19 21:36:35,761] I Kiwoom.py | Kiwoom-__init__-0020 I DEBUG    > Kiwoom() class start.
[2020-12-19 21:36:40,830] I Kiwoom.py | Kiwoom-login_slot-0119 I DEBUG    > 정상처리
[2020-12-19 21:36:40,830] I Kiwoom.py | Kiwoom-get_account_info-0130 I DEBUG    > 계좌번호 : 8153431711
[2020-12-19 21:36:40,866] I Kiwoom.py | Kiwoom-msg_slot-0802 I DEBUG    > 스크린: 2000, 요청이름: 예수금상세현황요청, tr코드: opw00001 --- [00Z310] 모의투자 조회가 완료되었습니다
[2020-12-19 21:36:40,868] I Kiwoom.py | Kiwoom-trdata_slot-0175 I DEBUG    > 예수금 : 5000000
[2020-12-19 21:36:40,958] I Kiwoom.py | Kiwoom-msg_slot-0802 I DEBUG    > 스크린: 2000, 요청이름: 계좌평가잔고내역요청, tr코드: opw00018 --- [00Z310] 모의투자 조회가 완료되었습니다
[2020-12-19 21:36:40,959] I Kiwoom.py | Kiwoom-trdata_slot-0190 I DEBUG    > 계좌평가잔고내역요청 싱글데이터 : 000000000000000 - 000000000000000 - 000000000.00
[2020-12-19 21:36:40,960] I Kiwoom.py | Kiwoom-trdata_slot-0230 I DEBUG    > sPreNext : 
[2020-12-19 21:36:45,975] I Kiwoom.py | Kiwoom-msg_slot-0802 I DEBUG    > 스크린: , 요청이름: , tr코드:  ---  조회가 완료되었습니다.
